----------------------------------------------------------------------------------------------------
------------------------------------ MegaLinter, by OX Security ------------------------------------
----------------------------------------------------------------------------------------------------
 - Image Creation Date: 2025-10-07T18:59:19Z
 - Image Revision: 62c799d895af9bcbca5eacfebca29d527f125a57
 - Image Version: v9.1.0
----------------------------------------------------------------------------------------------------
The MegaLinter documentation can be found at:
 - https://megalinter.io/9.1.0
----------------------------------------------------------------------------------------------------
::group::MegaLinter initialization (expand for details)
MegaLinter will analyze workspace [/github/workspace]
GITHUB_REPOSITORY: devantler-tech/reusable-workflows
GITHUB_REF: refs/pull/93/merge
GITHUB_RUN_ID: 20225062151


[Activation] ANSIBLE_ANSIBLE_LINT has been set inactive, as none of these files has been found: ['.ansible-lint', '.ansible-lint.yml', '.ansible-lint.yaml', '.config/ansible-lint.yml', '.config/ansible-lint.yaml']
[Activation] EDITORCONFIG_EDITORCONFIG_CHECKER has been set inactive, as none of these files has been found: ['.editorconfig']
[Activation] JAVASCRIPT_ES has been set inactive, as none of these files has been found: ['.eslintrc.json', '.eslintrc.yml', '.eslintrc.yaml', '.eslintrc.js', '.eslintrc.cjs', 'package.json:eslintConfig']
[Activation] JSON_NPM_PACKAGE_JSON_LINT has been set inactive, as none of these files has been found: ['package.json']
[Activation] JSX_ESLINT has been set inactive, as none of these files has been found: ['eslint.config.js', 'eslint.config.mjs', 'eslint.config.cjs', '.eslintrc.json', '.eslintrc.yml', '.eslintrc.yaml', '.eslintrc.js', '.eslintrc.cjs', 'package.json:eslintConfig']
[Activation] KUBERNETES_KUBECONFORM has been set inactive, as subdirectory has not been found: kubernetes (set value "any" to always activate)
[Activation] KUBERNETES_HELM has been set inactive, as none of these files has been found: ['Chart.yml', 'Chart.yaml']
[Activation] KUBERNETES_KUBESCAPE has been set inactive, as none of these files has been found: ['Chart.yml', 'Chart.yaml']
[Activation] REPOSITORY_LS_LINT has been set inactive, as none of these files has been found: ['.ls-lint.yml']
[SemgrepLinter] Deactivated because no ruleset has been defined
[Activation] SALESFORCE_SFDX_SCANNER_APEX has been set inactive, as subdirectory has not been found: force-app (set value "any" to always activate)
[Activation] SALESFORCE_SFDX_SCANNER_AURA has been set inactive, as subdirectory has not been found: force-app (set value "any" to always activate)
[Activation] SALESFORCE_SFDX_SCANNER_LWC has been set inactive, as subdirectory has not been found: force-app (set value "any" to always activate)
[Activation] SALESFORCE_LIGHTNING_FLOW_SCANNER has been set inactive, as subdirectory has not been found: force-app (set value "any" to always activate)
[Activation] SPELL_PROSELINT has been set inactive, as none of these files has been found: ['.proselintrc', 'proselint/config.json']
[Activation] SPELL_VALE has been set inactive, as none of these files has been found: ['.vale.ini']
[Activation] SQL_SQLFLUFF has been set inactive, as none of these files has been found: ['.sqlfluff']
[Activation] SWIFT_SWIFTLINT has been set inactive, as none of these files has been found: ['.swiftlint.yml']
[Activation] TSX_ESLINT has been set inactive, as none of these files has been found: ['.eslintrc.json', '.eslintrc.yml', '.eslintrc.yaml', '.eslintrc.js', '.eslintrc.cjs', 'package.json:eslintConfig']
[Activation] TYPESCRIPT_ES has been set inactive, as none of these files has been found: ['.eslintrc.json', '.eslintrc.yml', '.eslintrc.yaml', '.eslintrc.js', '.eslintrc.cjs', 'package.json:eslintConfig']
JSON_ESLINT_PLUGIN_JSONC has been disabled in MegaLinter for the following reason: Bug in eslint-plugin-jsonc: https://github.com/ota-meshi/eslint-plugin-jsonc/issues/328
MAKEFILE_CHECKMAKE has been disabled in MegaLinter for the following reason: Security issues: https://github.com/checkmake/checkmake/issues/99
MARKDOWN_REMARK_LINT has been disabled in MegaLinter for the following reason: Bug in remark-lint: https://github.com/remarkjs/remark-lint/issues/322
PUPPET_PUPPET_LINT has been disabled in MegaLinter for the following reason: https://github.com/puppetlabs/puppet-lint/issues/251
REPOSITORY_CHECKOV has been disabled in MegaLinter for the following reason: https://github.com/bridgecrewio/checkov/issues/7263
SALESFORCE_LIGHTNING_FLOW_SCANNER has been disabled in MegaLinter for the following reason: Repo archived -> https://github.com/Lightning-Flow-Scanner
Skipped linters: ANSIBLE_ANSIBLE_LINT, EDITORCONFIG_EDITORCONFIG_CHECKER, JAVASCRIPT_ES, JAVASCRIPT_PRETTIER, JSON_ESLINT_PLUGIN_JSONC, JSON_NPM_PACKAGE_JSON_LINT, JSX_ESLINT, KUBERNETES_HELM, KUBERNETES_KUBECONFORM, KUBERNETES_KUBESCAPE, MAKEFILE_CHECKMAKE, MARKDOWN_REMARK_LINT, PUPPET_PUPPET_LINT, PYTHON_RUFF_FORMAT, REPOSITORY_CHECKOV, REPOSITORY_LS_LINT, REPOSITORY_SEMGREP, SALESFORCE_LIGHTNING_FLOW_SCANNER, SALESFORCE_SFDX_SCANNER_APEX, SALESFORCE_SFDX_SCANNER_AURA, SALESFORCE_SFDX_SCANNER_LWC, SPELL_CSPELL, SPELL_PROSELINT, SPELL_VALE, SQL_SQLFLUFF, SWIFT_SWIFTLINT, TSX_ESLINT, TYPESCRIPT_ES, TYPESCRIPT_PRETTIER
To receive reports as email, please set variable EMAIL_REPORTER_EMAIL
[ApiReporter] Not enabled as API_REPORTER is not defined to true
::endgroup::
::group::MegaLinter now collects the files to analyse (expand for details)
Listing all files in directory [/github/workspace], then filter with:
- File extensions: , .R, .RMD, .Rmd, .bash, .bicep, .c, .c++, .cc, .cdxml, .clj, .cljc, .cljs, .coffee, .config, .cpp, .cs, .csproj, .css, .cu, .cuh, .cxx, .dart, .dash, .edn, .env, .feature, .go, .gradle, .graphql, .groovy, .gvy, .h, .h++, .hcl, .hh, .hpp, .htm, .html, .hxx, .ipynb, .java, .js, .json, .json5, .jsonc, .ksh, .kt, .kts, .lua, .markdown, .md, .mdx, .nf, .p6, .php, .pl, .pl6, .pm, .pm6, .props, .proto, .ps1, .ps1xml, .psd1, .psm1, .psrc, .pssc, .pxd, .py, .pyi, .pyx, .r, .raku, .rakumod, .rakutest, .rb, .resource, .robot, .rs, .rst, .saas, .scala, .scss, .sh, .smk, .sql, .t, .targets, .tex, .tf, .ts, .txt, .vb, .xml, .xsd, .yaml, .yml
- File names (regex): (.*\.)?Dockerfile, Containerfile, Jenkinsfile, Snakefile
- Excluding .gitignored files [0]: 
Kept [32] files on [33] found files
MegaLinter flavor [documentation] doesn't contain linters CSHARP_DOTNET_FORMAT, CSHARP_CSHARPIER, CSHARP_ROSLYNATOR, REPOSITORY_DEVSKIM, REPOSITORY_DUSTILOCK, REPOSITORY_KICS.
As they're not available in this docker image, they will not be processed
To solve this problem, please either: 
- use default flavor oxsecurity/megalinter
- add ignored linters in DISABLE or DISABLE_LINTERS variables in your .mega-linter.yml config file located in your root directory
- ignore this message by setting config variable FLAVOR_SUGGESTIONS to false

+----MATCHING LINTERS-------------------+------------------------------------------------------------------------+----------------+------------+
| Descriptor | Linter                   | Criteria                                                               | Matching files | Format/Fix |
+------------+--------------------------+------------------------------------------------------------------------+----------------+------------+
| ACTION     | actionlint               | .yml|.yaml                                                             | 17             | yes        |
| COPYPASTE  | jscpd                    |                                                                        | project        | yes        |
| JSON       | jsonlint                 | .json                                                                  | 3              | yes        |
| JSON       | v8r                      | .json                                                                  | 3              | yes        |
| JSON       | prettier                 | .json                                                                  | 3              | yes        |
| MARKDOWN   | markdownlint             | .md                                                                    | 1              | yes        |
| MARKDOWN   | markdown-table-formatter | .md                                                                    | 1              | yes        |
| REPOSITORY | git_diff                 |                                                                        | project        | yes        |
| REPOSITORY | gitleaks                 |                                                                        | project        | yes        |
| REPOSITORY | grype                    |                                                                        | project        | yes        |
| REPOSITORY | secretlint               |                                                                        | project        | yes        |
| REPOSITORY | syft                     |                                                                        | project        | yes        |
| REPOSITORY | trivy                    |                                                                        | project        | yes        |
| REPOSITORY | trivy-sbom               |                                                                        | project        | yes        |
| REPOSITORY | trufflehog               |                                                                        | project        | yes        |
| SPELL      | lychee                   | .md|.mdx|.markdown|.html|.htm|.rst|.txt|.json|.jsonc|.json5|.yaml|.yml | 24             | yes        |
| YAML       | prettier                 | .yml|.yaml                                                             | 20             | yes        |
| YAML       | yamllint                 | .yml|.yaml                                                             | 20             | yes        |
| YAML       | v8r                      | .yml|.yaml                                                             | 20             | yes        |
+------------+--------------------------+------------------------------------------------------------------------+----------------+------------+
::endgroup::
Processing linters on [4] parallel cores… (can be decreased with variable PARALLEL_PROCESS_NUMBER in case of performance issues)
::group::[32m✅ Linted [ACTION] files with [actionlint] successfully - (0.35s)[0m (expand for details)
- Using [actionlint v1.7.7] https://megalinter.io/9.1.0/descriptors/action_actionlint
- MegaLinter key: [ACTION_ACTIONLINT]
- Rules config: identified by [actionlint]
- Number of files analyzed: [17]
- Command: [actionlint .github/workflows/.release.yaml .github/workflows/.sync-labels.yaml .github/workflows/cd-cluster-bootstrap.yaml .github/workflows/cd-dotnet-application-publish.yaml .github/workflows/cd-dotnet-library-publish.yaml .github/workflows/cd-gito...(truncated)]
::endgroup::
::group::[32m✅ Linted [JSON] files with [jsonlint] successfully - (0.14s)[0m (expand for details)
- Using [jsonlint v16.0.0] https://megalinter.io/9.1.0/descriptors/json_jsonlint
- MegaLinter key: [JSON_JSONLINT]
- Rules config: identified by [jsonlint]
- Number of files analyzed: [3]
- Command: [jsonlint --quiet .cspell.json .github/renovate.json .markdownlint.json]
::endgroup::
::group::[33m⚠️ Linted [MARKDOWN] files with [markdownlint]: Found 86 non blocking error(s) and 0 non blocking warning(s) - (0.74s)[0m (expand for details)
- Using [markdownlint v0.45.0] https://megalinter.io/9.1.0/descriptors/markdown_markdownlint
- MegaLinter key: [MARKDOWN_MARKDOWNLINT]
- Rules config: [/github/workspace/.markdownlint.json]
- Number of files analyzed: [1]
- Command: [markdownlint --fix -c /github/workspace/.markdownlint.json README.md]
--Error detail:
README.md:4:81 MD013/line-length Line length [Expected: 80; Actual: 150]
README.md:6:81 MD013/line-length Line length [Expected: 80; Actual: 273]
README.md:8:81 MD013/line-length Line length [Expected: 80; Actual: 91]
README.md:29:81 MD013/line-length Line length [Expected: 80; Actual: 401]
README.md:33:1 MD033/no-inline-html Inline HTML [Element: details]
README.md:34:1 MD033/no-inline-html Inline HTML [Element: summary]
README.md:36:81 MD013/line-length Line length [Expected: 80; Actual: 213]
README.md:45:81 MD013/line-length Line length [Expected: 80; Actual: 99]
README.md:55:81 MD013/line-length Line length [Expected: 80; Actual: 83]
README.md:57:81 MD013/line-length Line length [Expected: 80; Actual: 83]
README.md:58:81 MD013/line-length Line length [Expected: 80; Actual: 83]
README.md:59:81 MD013/line-length Line length [Expected: 80; Actual: 83]
README.md:65:1 MD033/no-inline-html Inline HTML [Element: details]
README.md:66:1 MD033/no-inline-html Inline HTML [Element: summary]
README.md:68:81 MD013/line-length Line length [Expected: 80; Actual: 157]
README.md:75:81 MD013/line-length Line length [Expected: 80; Actual: 108]
README.md:90:1 MD033/no-inline-html Inline HTML [Element: details]
README.md:91:1 MD033/no-inline-html Inline HTML [Element: summary]
README.md:93:81 MD013/line-length Line length [Expected: 80; Actual: 164]
README.md:100:81 MD013/line-length Line length [Expected: 80; Actual: 104]
README.md:115:1 MD033/no-inline-html Inline HTML [Element: details]
README.md:116:1 MD033/no-inline-html Inline HTML [Element: summary]
README.md:118:81 MD013/line-length Line length [Expected: 80; Actual: 148]
README.md:125:81 MD013/line-length Line length [Expected: 80; Actual: 95]
README.md:135:81 MD013/line-length Line length [Expected: 80; Actual: 83]
README.md:137:81 MD013/line-length Line length [Expected: 80; Actual: 83]
README.md:138:81 MD013/line-length Line length [Expected: 80; Actual: 83]
README.md:139:81 MD013/line-length Line length [Expected: 80; Actual: 83]
README.md:145:1 MD033/no-inline-html Inline HTML [Element: details]
README.md:146:1 MD033/no-inline-html Inline HTML [Element: summary]
README.md:148:81 MD013/line-length Line length [Expected: 80; Actual: 153]
README.md:155:81 MD013/line-length Line length [Expected: 80; Actual: 95]
README.md:164:81 MD013/line-length Line length [Expected: 80; Actual: 131]
README.md:166:81 MD013/line-length Line length [Expected: 80; Actual: 131]
README.md:167:81 MD013/line-length Line length [Expected: 80; Actual: 131]
README.md:168:81 MD013/line-length Line length [Expected: 80; Actual: 131]
README.md:180:1 MD033/no-inline-html Inline HTML [Element: details]
README.md:181:1 MD033/no-inline-html Inline HTML [Element: summary]
README.md:183:81 MD013/line-length Line length [Expected: 80; Actual: 165]
README.md:190:81 MD013/line-length Line length [Expected: 80; Actual: 92]
README.md:197:1 MD033/no-inline-html Inline HTML [Element: details]
README.md:198:1 MD033/no-inline-html Inline HTML [Element: summary]
README.md:200:81 MD013/line-length Line length [Expected: 80; Actual: 167]
README.md:207:81 MD013/line-length Line length [Expected: 80; Actual: 93]
README.md:222:1 MD033/no-inline-html Inline HTML [Element: details]
README.md:223:1 MD033/no-inline-html Inline HTML [Element: summary]
README.md:225:81 MD013/line-length Line length [Expected: 80; Actual: 154]
README.md:232:81 MD013/line-length Line length [Expected: 80; Actual: 86]
README.md:247:1 MD033/no-inline-html Inline HTML [Element: details]
README.md:248:1 MD033/no-inline-html Inline HTML [Element: summary]
README.md:250:81 MD013/line-length Line length [Expected: 80; Actual: 143]
README.md:257:81 MD013/line-length Line length [Expected: 80; Actual: 84]
README.md:266:81 MD013/line-length Line length [Expected: 80; Actual: 132]
README.md:268:81 MD013/line-length Line length [Expected: 80; Actual: 132]
README.md:269:81 MD013/line-length Line length [Expected: 80; Actual: 132]
README.md:275:1 MD033/no-inline-html Inline HTML [Element: details]
README.md:276:1 MD033/no-inline-html Inline HTML [Element: summary]
README.md:278:81 MD013/line-length Line length [Expected: 80; Actual: 138]
README.md:285:81 MD013/line-length Line length [Expected: 80; Actual: 93]
README.md:295:81 MD013/line-length Line length [Expected: 80; Actual: 96]
README.md:297:81 MD013/line-length Line length [Expected: 80; Actual: 96]
README.md:298:81 MD013/line-length Line length [Expected: 80; Actual: 96]
README.md:299:81 MD013/line-length Line length [Expected: 80; Actual: 96]
README.md:305:1 MD033/no-inline-html Inline HTML [Element: details]
README.md:306:1 MD033/no-inline-html Inline HTML [Element: summary]
README.md:308:81 MD013/line-length Line length [Expected: 80; Actual: 148]
README.md:315:81 MD013/line-length Line length [Expected: 80; Actual: 97]
README.md:322:1 MD033/no-inline-html Inline HTML [Element: details]
README.md:323:1 MD033/no-inline-html Inline HTML [Element: summary]
README.md:325:81 MD013/line-length Line length [Expected: 80; Actual: 126]
README.md:332:81 MD013/line-length Line length [Expected: 80; Actual: 86]
README.md:347:1 MD033/no-inline-html Inline HTML [Element: details]
README.md:348:1 MD033/no-inline-html Inline HTML [Element: summary]
README.md:350:81 MD013/line-length Line length [Expected: 80; Actual: 168]
README.md:357:81 MD013/line-length Line length [Expected: 80; Actual: 100]
README.md:366:81 MD013/line-length Line length [Expected: 80; Actual: 104]
README.md:368:81 MD013/line-length Line length [Expected: 80; Actual: 104]
README.md:369:81 MD013/line-length Line length [Expected: 80; Actual: 104]
README.md:375:1 MD033/no-inline-html Inline HTML [Element: details]
README.md:376:1 MD033/no-inline-html Inline HTML [Element: summary]
README.md:378:81 MD013/line-length Line length [Expected: 80; Actual: 131]
README.md:385:81 MD013/line-length Line length [Expected: 80; Actual: 84]
README.md:400:1 MD033/no-inline-html Inline HTML [Element: details]
README.md:401:1 MD033/no-inline-html Inline HTML [Element: summary]
README.md:403:81 MD013/line-length Line length [Expected: 80; Actual: 137]
README.md:410:81 MD013/line-length Line length [Expected: 80; Actual: 85]

::endgroup::
::group::[32m✅ Linted [MARKDOWN] files with [markdown-table-formatter] successfully - (0.2s)[0m (expand for details)
- Using [markdown-table-formatter v1.6.1] https://megalinter.io/9.1.0/descriptors/markdown_markdown_table_formatter
- MegaLinter key: [MARKDOWN_MARKDOWN_TABLE_FORMATTER]
- Rules config: identified by [markdown-table-formatter]
- Number of files analyzed: [1]
- Command: [markdown-table-formatter README.md]
::endgroup::
::group::[32m✅ Linted [COPYPASTE] files with [jscpd] successfully - (1.26s)[0m (expand for details)
- Using [jscpd v4.0.5] https://megalinter.io/9.1.0/descriptors/copypaste_jscpd
- MegaLinter key: [COPYPASTE_JSCPD]
- Rules config: [.jscpd.json]
- Command: [jscpd --gitignore --reporters console,html --output /github/workspace/megalinter-reports/copy-paste/ -c /action/lib/.automation/.jscpd.json .]
::endgroup::
::group::[32m✅ Linted [REPOSITORY] files with [git_diff] successfully - (0.01s)[0m (expand for details)
- Using [git_diff v2.49.1] https://megalinter.io/9.1.0/descriptors/repository_git_diff
- MegaLinter key: [REPOSITORY_GIT_DIFF]
- Rules config: identified by [git_diff]
- Command: [git diff --check]
::endgroup::
::group::[32m✅ Linted [REPOSITORY] files with [gitleaks] successfully - (0.08s)[0m (expand for details)
- Using [gitleaks v8.28.0] https://megalinter.io/9.1.0/descriptors/repository_gitleaks
- MegaLinter key: [REPOSITORY_GITLEAKS]
- Rules config: [.gitleaks.toml]
- Command: [gitleaks detect --redact -c /action/lib/.automation/.gitleaks.toml --verbose --source .]
::endgroup::
::group::[32m✅ Linted [SPELL] files with [lychee] successfully - (2.24s)[0m (expand for details)
- Using [lychee v0.18.0] https://megalinter.io/9.1.0/descriptors/spell_lychee
- MegaLinter key: [SPELL_LYCHEE]
- Rules config: identified by [lychee]
- Number of files analyzed: [24]
- Command: [lychee --format detailed --no-progress .cspell.json .github/labels.yaml .github/renovate.json .github/workflows/.release.yaml .github/workflows/.sync-labels.yaml .github/workflows/cd-cluster-bootstrap.yaml .github/workflows/cd-dotnet-application-publ...(truncated)]
::endgroup::
::group::[32m✅ Linted [YAML] files with [prettier] successfully - (0.57s)[0m (expand for details)
- Using [prettier v3.6.2] https://megalinter.io/9.1.0/descriptors/yaml_prettier
- MegaLinter key: [YAML_PRETTIER]
- Rules config: identified by [prettier]
- Number of files analyzed: [20]
- Command: [prettier --write .github/labels.yaml .github/workflows/.release.yaml .github/workflows/.sync-labels.yaml .github/workflows/cd-cluster-bootstrap.yaml .github/workflows/cd-dotnet-application-publish.yaml .github/workflows/cd-dotnet-library-publish.yaml...(truncated)]
::endgroup::
::group::[32m✅ Linted [YAML] files with [yamllint] successfully - (0.57s)[0m (expand for details)
- Using [yamllint v1.37.1] https://megalinter.io/9.1.0/descriptors/yaml_yamllint
- MegaLinter key: [YAML_YAMLLINT]
- Rules config: [/github/workspace/.yamllint.yml]
- Number of files analyzed: [20]
- Command: [yamllint --format standard -c /github/workspace/.yamllint.yml .github/labels.yaml .github/workflows/.release.yaml .github/workflows/.sync-labels.yaml .github/workflows/cd-cluster-bootstrap.yaml .github/workflows/cd-dotnet-application-publish.yaml .gi...(truncated)]
::endgroup::
::group::[32m✅ Linted [JSON] files with [v8r] successfully - (3.61s)[0m (expand for details)
- Using [v8r v5.1.0] https://megalinter.io/9.1.0/descriptors/json_v8r
- MegaLinter key: [JSON_V8R]
- Rules config: identified by [v8r]
- Number of files analyzed: [3]
- Command: [v8r --ignore-errors .cspell.json .github/renovate.json .markdownlint.json]
::endgroup::
::group::[32m✅ Linted [JSON] files with [prettier] successfully - (0.39s)[0m (expand for details)
- Using [prettier v3.6.2] https://megalinter.io/9.1.0/descriptors/json_prettier
- MegaLinter key: [JSON_PRETTIER]
- Rules config: identified by [prettier]
- Number of files analyzed: [3]
- Command: [prettier --write .cspell.json .github/renovate.json .markdownlint.json]
::endgroup::
::group::[32m✅ Linted [YAML] files with [v8r] successfully - (7.0s)[0m (expand for details)
- Using [v8r v5.1.0] https://megalinter.io/9.1.0/descriptors/yaml_v8r
- MegaLinter key: [YAML_V8R]
- Rules config: identified by [v8r]
- Number of files analyzed: [20]
- Command: [v8r --ignore-errors .github/labels.yaml .github/workflows/.release.yaml .github/workflows/.sync-labels.yaml .github/workflows/cd-cluster-bootstrap.yaml .github/workflows/cd-dotnet-application-publish.yaml .github/workflows/cd-dotnet-library-publish.y...(truncated)]
::endgroup::
::group::[32m✅ Linted [REPOSITORY] files with [grype] successfully - (27.64s)[0m (expand for details)
- Using [grype v0.100.0] https://megalinter.io/9.1.0/descriptors/repository_grype
- MegaLinter key: [REPOSITORY_GRYPE]
- Rules config: [.grype.yaml]
- Command: [grype --config /action/lib/.automation/.grype.yaml dir:.]
::endgroup::
::group::[32m✅ Linted [REPOSITORY] files with [secretlint] successfully - (0.49s)[0m (expand for details)
- Using [secretlint v11.2.4] https://megalinter.io/9.1.0/descriptors/repository_secretlint
- MegaLinter key: [REPOSITORY_SECRETLINT]
- Rules config: [.secretlintrc.json]
- Command: [secretlint --secretlintrc /action/lib/.automation/.secretlintrc.json --secretlintignore .gitignore **/*]
::endgroup::
::group::[32m✅ Linted [REPOSITORY] files with [syft] successfully - (1.21s)[0m (expand for details)
- Using [syft v1.33.0] https://megalinter.io/9.1.0/descriptors/repository_syft
- MegaLinter key: [REPOSITORY_SYFT]
- Rules config: identified by [syft]
- Command: [syft scan .]
::endgroup::
::group::[32m✅ Linted [REPOSITORY] files with [trivy] successfully - (4.73s)[0m (expand for details)
- Using [trivy v0.67.0] https://megalinter.io/9.1.0/descriptors/repository_trivy
- MegaLinter key: [REPOSITORY_TRIVY]
- Rules config: identified by [trivy]
- Command: [trivy fs --scanners vuln,misconfig --exit-code 1 .]
::endgroup::
::group::[32m✅ Linted [REPOSITORY] files with [trivy-sbom] successfully - (0.11s)[0m (expand for details)
- Using [trivy-sbom v0.67.0] https://megalinter.io/9.1.0/descriptors/repository_trivy_sbom
- MegaLinter key: [REPOSITORY_TRIVY_SBOM]
- Rules config: identified by [trivy-sbom]
- Command: [trivy fs --format cyclonedx .]
::endgroup::
::group::[32m✅ Linted [REPOSITORY] files with [trufflehog] successfully - (2.47s)[0m (expand for details)
- Using [trufflehog v3.90.8] https://megalinter.io/9.1.0/descriptors/repository_trufflehog
- MegaLinter key: [REPOSITORY_TRUFFLEHOG]
- Rules config: identified by [trufflehog]
- Command: [trufflehog filesystem . --fail --only-verified --no-update --exclude-paths=/action/lib/.automation/.trufflehogignore]
::endgroup::
[MARKDOWN_SUMMARY Reporter] Generated MARKDOWN_SUMMARY report: /github/workspace/megalinter-reports/megalinter-report.md
[MARKDOWN_SUMMARY Reporter] Also appended to GITHUB_STEP_SUMMARY: /github/file_commands/step_summary_6ffe4727-d3ca-4c90-bfd5-acac6c3a28e2
[GitHub Comment Reporter] Posted summary as comment on devantler-tech/reusable-workflows #PR93
