Results of markdownlint linter (version 0.45.0)
See documentation on https://megalinter.io/9.1.0/descriptors/markdown_markdownlint/
-----------------------------------------------

❌ [ERROR] for workspace /github/workspace
Linter raw log:
README.md:33:1 MD033/no-inline-html Inline HTML [Element: details]
README.md:34:1 MD033/no-inline-html Inline HTML [Element: summary]
README.md:65:1 MD033/no-inline-html Inline HTML [Element: details]
README.md:66:1 MD033/no-inline-html Inline HTML [Element: summary]
README.md:90:1 MD033/no-inline-html Inline HTML [Element: details]
README.md:91:1 MD033/no-inline-html Inline HTML [Element: summary]
README.md:115:1 MD033/no-inline-html Inline HTML [Element: details]
README.md:116:1 MD033/no-inline-html Inline HTML [Element: summary]
README.md:145:1 MD033/no-inline-html Inline HTML [Element: details]
README.md:146:1 MD033/no-inline-html Inline HTML [Element: summary]
README.md:180:1 MD033/no-inline-html Inline HTML [Element: details]
README.md:181:1 MD033/no-inline-html Inline HTML [Element: summary]
README.md:197:1 MD033/no-inline-html Inline HTML [Element: details]
README.md:198:1 MD033/no-inline-html Inline HTML [Element: summary]
README.md:222:1 MD033/no-inline-html Inline HTML [Element: details]
README.md:223:1 MD033/no-inline-html Inline HTML [Element: summary]
README.md:247:1 MD033/no-inline-html Inline HTML [Element: details]
README.md:248:1 MD033/no-inline-html Inline HTML [Element: summary]
README.md:275:1 MD033/no-inline-html Inline HTML [Element: details]
README.md:276:1 MD033/no-inline-html Inline HTML [Element: summary]
README.md:305:1 MD033/no-inline-html Inline HTML [Element: details]
README.md:306:1 MD033/no-inline-html Inline HTML [Element: summary]
README.md:322:1 MD033/no-inline-html Inline HTML [Element: details]
README.md:323:1 MD033/no-inline-html Inline HTML [Element: summary]
README.md:347:1 MD033/no-inline-html Inline HTML [Element: details]
README.md:348:1 MD033/no-inline-html Inline HTML [Element: summary]
README.md:375:1 MD033/no-inline-html Inline HTML [Element: details]
README.md:376:1 MD033/no-inline-html Inline HTML [Element: summary]
README.md:400:1 MD033/no-inline-html Inline HTML [Element: details]
README.md:401:1 MD033/no-inline-html Inline HTML [Element: summary]

